<?xml version="1.0" encoding="UTF-8"?>
<robot generator="Robot 5.0.1 (Python 3.9.13 on win32)" generated="20221005 00:18:28.802" rpa="false" schemaversion="3">
<suite id="s1" name="Tasks" source="c:\Users\User\Desktop\pyth\tasks.robot">
<test id="s1-t1" name="Test1 NewUser" line="29">
<kw name="Open Browser" library="SeleniumLibrary">
<arg>https://opensource-demo.orangehrmlive.com/web/index.php/auth/login</arg>
<arg>Chrome</arg>
<doc>Opens a new browser instance to the optional ``url``.</doc>
<msg timestamp="20221005 00:18:30.229" level="INFO">Opening browser 'Chrome' to base url 'https://opensource-demo.orangehrmlive.com/web/index.php/auth/login'.</msg>
<status status="PASS" starttime="20221005 00:18:30.228" endtime="20221005 00:18:40.485"/>
</kw>
<kw name="Sleep" library="BuiltIn">
<arg>1.5</arg>
<doc>Pauses the test executed for the given time.</doc>
<msg timestamp="20221005 00:18:41.990" level="INFO">Slept 1 second 500 milliseconds</msg>
<status status="PASS" starttime="20221005 00:18:40.485" endtime="20221005 00:18:41.991"/>
</kw>
<kw name="Input Text" library="SeleniumLibrary">
<arg>name=username</arg>
<arg>Admin</arg>
<doc>Types the given ``text`` into the text field identified by ``locator``.</doc>
<msg timestamp="20221005 00:18:41.995" level="INFO">Typing text 'Admin' into text field 'name=username'.</msg>
<status status="PASS" starttime="20221005 00:18:41.994" endtime="20221005 00:18:42.075"/>
</kw>
<kw name="Sleep" library="BuiltIn">
<arg>0.5</arg>
<doc>Pauses the test executed for the given time.</doc>
<msg timestamp="20221005 00:18:42.578" level="INFO">Slept 500 milliseconds</msg>
<status status="PASS" starttime="20221005 00:18:42.076" endtime="20221005 00:18:42.578"/>
</kw>
<kw name="Input Text" library="SeleniumLibrary">
<arg>name=password</arg>
<arg>admin123</arg>
<doc>Types the given ``text`` into the text field identified by ``locator``.</doc>
<msg timestamp="20221005 00:18:42.580" level="INFO">Typing text 'admin123' into text field 'name=password'.</msg>
<status status="PASS" starttime="20221005 00:18:42.580" endtime="20221005 00:18:42.671"/>
</kw>
<kw name="Sleep" library="BuiltIn">
<arg>0.5</arg>
<doc>Pauses the test executed for the given time.</doc>
<msg timestamp="20221005 00:18:43.184" level="INFO">Slept 500 milliseconds</msg>
<status status="PASS" starttime="20221005 00:18:42.671" endtime="20221005 00:18:43.184"/>
</kw>
<kw name="Click Button" library="SeleniumLibrary">
<arg>xpath=/html/body/div/div[1]/div/div[1]/div/div[2]/div[2]/form/div[3]/button</arg>
<doc>Clicks the button identified by ``locator``.</doc>
<msg timestamp="20221005 00:18:43.185" level="INFO">Clicking button 'xpath=/html/body/div/div[1]/div/div[1]/div/div[2]/div[2]/form/div[3]/button'.</msg>
<status status="PASS" starttime="20221005 00:18:43.185" endtime="20221005 00:18:43.243"/>
</kw>
<kw name="Sleep" library="BuiltIn">
<arg>1</arg>
<doc>Pauses the test executed for the given time.</doc>
<msg timestamp="20221005 00:18:44.250" level="INFO">Slept 1 second</msg>
<status status="PASS" starttime="20221005 00:18:43.244" endtime="20221005 00:18:44.250"/>
</kw>
<kw name="Click Element" library="SeleniumLibrary">
<arg>xpath=/html/body/div/div[1]/div[1]/aside/nav/div[2]/ul/li[1]/a</arg>
<doc>Click the element identified by ``locator``.</doc>
<msg timestamp="20221005 00:18:44.252" level="INFO">Clicking element 'xpath=/html/body/div/div[1]/div[1]/aside/nav/div[2]/ul/li[1]/a'.</msg>
<status status="PASS" starttime="20221005 00:18:44.251" endtime="20221005 00:18:46.236"/>
</kw>
<kw name="Sleep" library="BuiltIn">
<arg>0.5</arg>
<doc>Pauses the test executed for the given time.</doc>
<msg timestamp="20221005 00:18:46.742" level="INFO">Slept 500 milliseconds</msg>
<status status="PASS" starttime="20221005 00:18:46.238" endtime="20221005 00:18:46.742"/>
</kw>
<kw name="Click Element" library="SeleniumLibrary">
<arg>xpath=/html/body/div/div[1]/div[2]/div[2]/div/div[2]/div[1]/button</arg>
<doc>Click the element identified by ``locator``.</doc>
<msg timestamp="20221005 00:18:46.744" level="INFO">Clicking element 'xpath=/html/body/div/div[1]/div[2]/div[2]/div/div[2]/div[1]/button'.</msg>
<status status="PASS" starttime="20221005 00:18:46.743" endtime="20221005 00:18:47.339"/>
</kw>
<kw name="Click Element" library="SeleniumLibrary">
<arg>xpath=/html/body/div/div[1]/div[2]/div[2]/div/div/form/div[1]/div/div[1]/div/div[2]/div/div/div[2]/i</arg>
<doc>Click the element identified by ``locator``.</doc>
<msg timestamp="20221005 00:18:47.341" level="INFO">Clicking element 'xpath=/html/body/div/div[1]/div[2]/div[2]/div/div/form/div[1]/div/div[1]/div/div[2]/div/div/div[2]/i'.</msg>
<status status="PASS" starttime="20221005 00:18:47.340" endtime="20221005 00:18:47.391"/>
</kw>
<kw name="Click Element" library="SeleniumLibrary">
<arg>//*[contains(text(),'Admin')]</arg>
<doc>Click the element identified by ``locator``.</doc>
<msg timestamp="20221005 00:18:47.392" level="INFO">Clicking element '//*[contains(text(),'Admin')]'.</msg>
<status status="PASS" starttime="20221005 00:18:47.391" endtime="20221005 00:18:47.448"/>
</kw>
<kw name="Input Text" library="SeleniumLibrary">
<arg>xpath=/html/body/div/div[1]/div[2]/div[2]/div/div/form/div[1]/div/div[2]/div/div[2]/div/div/input</arg>
<arg>Dominic Chase</arg>
<doc>Types the given ``text`` into the text field identified by ``locator``.</doc>
<msg timestamp="20221005 00:18:47.449" level="INFO">Typing text 'Dominic Chase' into text field 'xpath=/html/body/div/div[1]/div[2]/div[2]/div/div/form/div[1]/div/div[2]/div/div[2]/div/div/input'.</msg>
<status status="PASS" starttime="20221005 00:18:47.448" endtime="20221005 00:18:47.544"/>
</kw>
<kw name="Sleep" library="BuiltIn">
<arg>1.5</arg>
<doc>Pauses the test executed for the given time.</doc>
<msg timestamp="20221005 00:18:49.053" level="INFO">Slept 1 second 500 milliseconds</msg>
<status status="PASS" starttime="20221005 00:18:47.544" endtime="20221005 00:18:49.053"/>
</kw>
<kw name="Sleep" library="BuiltIn">
<arg>1.5</arg>
<doc>Pauses the test executed for the given time.</doc>
<msg timestamp="20221005 00:18:50.556" level="INFO">Slept 1 second 500 milliseconds</msg>
<status status="PASS" starttime="20221005 00:18:49.054" endtime="20221005 00:18:50.556"/>
</kw>
<kw name="Click Element" library="SeleniumLibrary">
<arg>xpath=/html/body/div/div[1]/div[2]/div[2]/div/div/form/div[1]/div/div[3]/div/div[2]/div/div</arg>
<doc>Click the element identified by ``locator``.</doc>
<msg timestamp="20221005 00:18:50.558" level="INFO">Clicking element 'xpath=/html/body/div/div[1]/div[2]/div[2]/div/div/form/div[1]/div/div[3]/div/div[2]/div/div'.</msg>
<status status="PASS" starttime="20221005 00:18:50.557" endtime="20221005 00:18:50.600"/>
</kw>
<kw name="Click Element" library="SeleniumLibrary">
<arg>//*[contains(text(),'Enabled')]</arg>
<doc>Click the element identified by ``locator``.</doc>
<msg timestamp="20221005 00:18:50.601" level="INFO">Clicking element '//*[contains(text(),'Enabled')]'.</msg>
<status status="PASS" starttime="20221005 00:18:50.601" endtime="20221005 00:18:50.641"/>
</kw>
<kw name="Input Text" library="SeleniumLibrary">
<arg>xpath=/html/body/div/div[1]/div[2]/div[2]/div/div/form/div[1]/div/div[4]/div/div[2]/input</arg>
<arg>Anel921</arg>
<doc>Types the given ``text`` into the text field identified by ``locator``.</doc>
<msg timestamp="20221005 00:18:50.642" level="INFO">Typing text 'Anel921' into text field 'xpath=/html/body/div/div[1]/div[2]/div[2]/div/div/form/div[1]/div/div[4]/div/div[2]/input'.</msg>
<status status="PASS" starttime="20221005 00:18:50.641" endtime="20221005 00:18:50.723"/>
</kw>
<kw name="Input Text" library="SeleniumLibrary">
<arg>xpath=/html/body/div/div[1]/div[2]/div[2]/div/div/form/div[2]/div/div[1]/div/div[2]/input</arg>
<arg>Anel123!</arg>
<doc>Types the given ``text`` into the text field identified by ``locator``.</doc>
<msg timestamp="20221005 00:18:50.724" level="INFO">Typing text 'Anel123!' into text field 'xpath=/html/body/div/div[1]/div[2]/div[2]/div/div/form/div[2]/div/div[1]/div/div[2]/input'.</msg>
<status status="PASS" starttime="20221005 00:18:50.724" endtime="20221005 00:18:50.819"/>
</kw>
<kw name="Input Text" library="SeleniumLibrary">
<arg>xpath=/html/body/div/div[1]/div[2]/div[2]/div/div/form/div[2]/div/div[2]/div/div[2]/input</arg>
<arg>Anel123!</arg>
<doc>Types the given ``text`` into the text field identified by ``locator``.</doc>
<msg timestamp="20221005 00:18:50.820" level="INFO">Typing text 'Anel123!' into text field 'xpath=/html/body/div/div[1]/div[2]/div[2]/div/div/form/div[2]/div/div[2]/div/div[2]/input'.</msg>
<status status="PASS" starttime="20221005 00:18:50.820" endtime="20221005 00:18:50.932"/>
</kw>
<kw name="Sleep" library="BuiltIn">
<arg>0.5</arg>
<doc>Pauses the test executed for the given time.</doc>
<msg timestamp="20221005 00:18:51.441" level="INFO">Slept 500 milliseconds</msg>
<status status="PASS" starttime="20221005 00:18:50.933" endtime="20221005 00:18:51.441"/>
</kw>
<kw name="Click Button" library="SeleniumLibrary">
<arg>xpath=/html/body/div/div[1]/div[2]/div[2]/div/div/form/div[3]/button[2]</arg>
<doc>Clicks the button identified by ``locator``.</doc>
<msg timestamp="20221005 00:18:51.442" level="INFO">Clicking button 'xpath=/html/body/div/div[1]/div[2]/div[2]/div/div/form/div[3]/button[2]'.</msg>
<status status="PASS" starttime="20221005 00:18:51.442" endtime="20221005 00:18:51.493"/>
</kw>
<status status="PASS" starttime="20221005 00:18:30.227" endtime="20221005 00:18:51.493"/>
</test>
<status status="PASS" starttime="20221005 00:18:28.809" endtime="20221005 00:18:51.495"/>
</suite>
<statistics>
<total>
<stat pass="1" fail="0" skip="0">All Tests</stat>
</total>
<tag>
</tag>
<suite>
<stat pass="1" fail="0" skip="0" id="s1" name="Tasks">Tasks</stat>
</suite>
</statistics>
<errors>
<msg timestamp="20221005 00:18:30.216" level="WARN">c:\ProgramData\robocorp\ht\109dad2_b1f3c24_1c0bc041\lib\site-packages\RPA\Desktop\Windows.py:209: FutureWarning: `RPA.Desktop.Windows` got deprecated and will be no longer maintained, please use `RPA.Windows` instead (https://robocorp.com/docs/libraries/rpa-framework/rpa-windows)
  deprecation(
</msg>
</errors>
</robot>
